{
    "timestamp": "2024-04-12 16:47:00.372140",
    "name": "hello_world",
    "args": [],
    "kwargs": {},
    "result": "Hello World"
},
{
    "timestamp": "2024-04-12 16:47:00.372719",
    "name": "summator",
    "args": [
        2,
        2
    ],
    "kwargs": {},
    "result": 4
},
{
    "timestamp": "2024-04-12 16:47:00.373231",
    "name": "div",
    "args": [
        6,
        2
    ],
    "kwargs": {},
    "result": 3.0
},
{
    "timestamp": "2024-04-12 16:47:00.373578",
    "name": "summator",
    "args": [
        4.3
    ],
    "kwargs": {
        "b": 2.2
    },
    "result": 6.5
},
